<?xml version="1.0" encoding="UTF-8"?>
<!-- Generated by org.testng.reporters.JUnitXMLReporter -->
<testsuite hostname="DESKTOP-7M45HPA" name="Command line test" tests="4" failures="0" timestamp="31 Aug 2021 12:44:35 GMT" time="25.443" errors="0">
  <testcase name="test_1" time="5.784" classname="project_1.EbaySearchAppleTest"/>
  <testcase name="test_1" time="3.972" classname="project_1.EbaySearchSonyTest"/>
  <testcase name="test_1" time="7.567" classname="project_1.SearchToyotaTest"/>
  <testcase name="test_1" time="8.108" classname="project_1.SearchWoodenSpoonTest"/>
</testsuite> <!-- Command line test -->
