<?xml version="1.0" encoding="UTF-8"?>
<testng-results skipped="0" failed="0" total="4" passed="4">
  <reporter-output>
  </reporter-output>
  <suite name="Command line suite" duration-ms="25443" started-at="2021-08-31T12:44:10Z" finished-at="2021-08-31T12:44:35Z">
    <groups>
    </groups>
    <test name="Command line test" duration-ms="25443" started-at="2021-08-31T12:44:10Z" finished-at="2021-08-31T12:44:35Z">
      <class name="project_1.EbaySearchSonyTest">
        <test-method status="PASS" signature="test_1()[pri:0, instance:project_1.EbaySearchSonyTest@6aaa5eb0]" name="test_1" duration-ms="3972" started-at="2021-08-31T08:44:15Z" finished-at="2021-08-31T08:44:19Z">
          <reporter-output>
          </reporter-output>
        </test-method> <!-- test_1 -->
      </class> <!-- project_1.EbaySearchSonyTest -->
      <class name="project_1.SearchToyotaTest">
        <test-method status="PASS" signature="test_1()[pri:0, instance:project_1.SearchToyotaTest@3498ed]" name="test_1" duration-ms="7567" started-at="2021-08-31T08:44:19Z" finished-at="2021-08-31T08:44:27Z">
          <reporter-output>
          </reporter-output>
        </test-method> <!-- test_1 -->
        <test-method status="PASS" signature="methodSetUp()[pri:0, instance:project_1.SearchToyotaTest@3498ed]" name="methodSetUp" is-config="true" duration-ms="0" started-at="2021-08-31T08:44:19Z" finished-at="2021-08-31T08:44:19Z">
          <reporter-output>
          </reporter-output>
        </test-method> <!-- methodSetUp -->
      </class> <!-- project_1.SearchToyotaTest -->
      <class name="project_1.EbaySearchAppleTest">
        <test-method status="PASS" signature="test_1()[pri:0, instance:project_1.EbaySearchAppleTest@13969fbe]" name="test_1" duration-ms="5784" started-at="2021-08-31T08:44:10Z" finished-at="2021-08-31T08:44:15Z">
          <reporter-output>
          </reporter-output>
        </test-method> <!-- test_1 -->
      </class> <!-- project_1.EbaySearchAppleTest -->
      <class name="project_1.SearchWoodenSpoonTest">
        <test-method status="PASS" signature="test_1()[pri:0, instance:project_1.SearchWoodenSpoonTest@1a407d53]" name="test_1" duration-ms="8108" started-at="2021-08-31T08:44:27Z" finished-at="2021-08-31T08:44:35Z">
          <reporter-output>
          </reporter-output>
        </test-method> <!-- test_1 -->
      </class> <!-- project_1.SearchWoodenSpoonTest -->
    </test> <!-- Command line test -->
  </suite> <!-- Command line suite -->
</testng-results>
